mode: set
github.com/jbonatakis/blackbird/internal/tui/action_wrappers.go:37.32,39.2 1 0
github.com/jbonatakis/blackbird/internal/tui/action_wrappers.go:41.30,43.2 1 0
github.com/jbonatakis/blackbird/internal/tui/action_wrappers.go:45.27,47.2 1 0
github.com/jbonatakis/blackbird/internal/tui/action_wrappers.go:49.39,51.2 1 0
github.com/jbonatakis/blackbird/internal/tui/action_wrappers.go:53.53,55.2 1 1
github.com/jbonatakis/blackbird/internal/tui/action_wrappers.go:57.58,58.24 1 0
github.com/jbonatakis/blackbird/internal/tui/action_wrappers.go:58.24,61.3 2 0
github.com/jbonatakis/blackbird/internal/tui/action_wrappers.go:64.61,65.24 1 1
github.com/jbonatakis/blackbird/internal/tui/action_wrappers.go:65.24,68.3 2 0
github.com/jbonatakis/blackbird/internal/tui/action_wrappers.go:71.48,73.16 2 0
github.com/jbonatakis/blackbird/internal/tui/action_wrappers.go:73.16,75.3 1 0
github.com/jbonatakis/blackbird/internal/tui/action_wrappers.go:77.2,86.29 8 0
github.com/jbonatakis/blackbird/internal/tui/action_wrappers.go:96.118,97.24 1 1
github.com/jbonatakis/blackbird/internal/tui/action_wrappers.go:97.24,100.17 2 0
github.com/jbonatakis/blackbird/internal/tui/action_wrappers.go:100.17,102.4 1 0
github.com/jbonatakis/blackbird/internal/tui/action_wrappers.go:105.3,122.17 4 0
github.com/jbonatakis/blackbird/internal/tui/action_wrappers.go:122.17,124.4 1 0
github.com/jbonatakis/blackbird/internal/tui/action_wrappers.go:127.3,127.30 1 0
github.com/jbonatakis/blackbird/internal/tui/action_wrappers.go:127.30,132.4 1 0
github.com/jbonatakis/blackbird/internal/tui/action_wrappers.go:135.3,136.17 2 0
github.com/jbonatakis/blackbird/internal/tui/action_wrappers.go:136.17,138.4 1 0
github.com/jbonatakis/blackbird/internal/tui/action_wrappers.go:140.3,143.4 1 0
github.com/jbonatakis/blackbird/internal/tui/action_wrappers.go:149.153,150.24 1 0
github.com/jbonatakis/blackbird/internal/tui/action_wrappers.go:150.24,153.17 2 0
github.com/jbonatakis/blackbird/internal/tui/action_wrappers.go:153.17,155.4 1 0
github.com/jbonatakis/blackbird/internal/tui/action_wrappers.go:158.3,176.17 4 0
github.com/jbonatakis/blackbird/internal/tui/action_wrappers.go:176.17,178.4 1 0
github.com/jbonatakis/blackbird/internal/tui/action_wrappers.go:181.3,181.30 1 0
github.com/jbonatakis/blackbird/internal/tui/action_wrappers.go:181.30,186.4 1 0
github.com/jbonatakis/blackbird/internal/tui/action_wrappers.go:189.3,190.17 2 0
github.com/jbonatakis/blackbird/internal/tui/action_wrappers.go:190.17,192.4 1 0
github.com/jbonatakis/blackbird/internal/tui/action_wrappers.go:194.3,197.4 1 0
github.com/jbonatakis/blackbird/internal/tui/action_wrappers.go:202.87,203.22 1 0
github.com/jbonatakis/blackbird/internal/tui/action_wrappers.go:203.22,205.3 1 0
github.com/jbonatakis/blackbird/internal/tui/action_wrappers.go:206.2,206.26 1 0
github.com/jbonatakis/blackbird/internal/tui/action_wrappers.go:206.26,208.3 1 0
github.com/jbonatakis/blackbird/internal/tui/action_wrappers.go:209.2,210.78 2 0
github.com/jbonatakis/blackbird/internal/tui/action_wrappers.go:210.78,212.3 1 0
github.com/jbonatakis/blackbird/internal/tui/action_wrappers.go:213.2,213.18 1 0
github.com/jbonatakis/blackbird/internal/tui/action_wrappers.go:217.37,294.2 1 0
github.com/jbonatakis/blackbird/internal/tui/action_wrappers.go:297.39,318.2 1 0
github.com/jbonatakis/blackbird/internal/tui/action_wrappers.go:321.153,324.45 2 0
github.com/jbonatakis/blackbird/internal/tui/action_wrappers.go:324.45,325.25 1 0
github.com/jbonatakis/blackbird/internal/tui/action_wrappers.go:325.25,330.4 1 0
github.com/jbonatakis/blackbird/internal/tui/action_wrappers.go:333.2,333.110 1 0
github.com/jbonatakis/blackbird/internal/tui/action_wrappers.go:337.41,339.23 2 0
github.com/jbonatakis/blackbird/internal/tui/action_wrappers.go:339.23,340.33 1 0
github.com/jbonatakis/blackbird/internal/tui/action_wrappers.go:340.33,342.4 1 0
github.com/jbonatakis/blackbird/internal/tui/action_wrappers.go:344.2,344.12 1 0
github.com/jbonatakis/blackbird/internal/tui/actions.go:18.65,19.19 1 1
github.com/jbonatakis/blackbird/internal/tui/actions.go:19.19,21.3 1 1
github.com/jbonatakis/blackbird/internal/tui/actions.go:23.2,27.20 2 1
github.com/jbonatakis/blackbird/internal/tui/actions.go:27.20,29.3 1 1
github.com/jbonatakis/blackbird/internal/tui/actions.go:29.8,31.3 1 1
github.com/jbonatakis/blackbird/internal/tui/actions.go:33.2,33.15 1 1
github.com/jbonatakis/blackbird/internal/tui/actions.go:33.15,35.3 1 1
github.com/jbonatakis/blackbird/internal/tui/actions.go:37.2,37.37 1 1
github.com/jbonatakis/blackbird/internal/tui/actions.go:41.43,43.18 2 0
github.com/jbonatakis/blackbird/internal/tui/actions.go:43.18,45.3 1 0
github.com/jbonatakis/blackbird/internal/tui/actions.go:47.2,48.9 2 0
github.com/jbonatakis/blackbird/internal/tui/actions.go:48.9,50.3 1 0
github.com/jbonatakis/blackbird/internal/tui/actions.go:52.2,78.34 8 0
github.com/jbonatakis/blackbird/internal/tui/actions.go:78.34,82.28 3 0
github.com/jbonatakis/blackbird/internal/tui/actions.go:82.28,84.4 1 0
github.com/jbonatakis/blackbird/internal/tui/actions.go:84.9,86.4 1 0
github.com/jbonatakis/blackbird/internal/tui/actions.go:89.2,92.55 3 0
github.com/jbonatakis/blackbird/internal/tui/actions.go:92.55,94.3 1 0
github.com/jbonatakis/blackbird/internal/tui/actions.go:96.2,105.24 3 0
github.com/jbonatakis/blackbird/internal/tui/actions.go:105.24,107.21 2 0
github.com/jbonatakis/blackbird/internal/tui/actions.go:107.21,110.4 2 0
github.com/jbonatakis/blackbird/internal/tui/actions.go:113.2,113.14 1 0
github.com/jbonatakis/blackbird/internal/tui/actions.go:117.63,118.18 1 1
github.com/jbonatakis/blackbird/internal/tui/actions.go:118.18,122.3 3 1
github.com/jbonatakis/blackbird/internal/tui/actions.go:125.2,137.9 3 1
github.com/jbonatakis/blackbird/internal/tui/actions.go:137.9,139.3 1 1
github.com/jbonatakis/blackbird/internal/tui/actions.go:141.2,147.77 6 1
github.com/jbonatakis/blackbird/internal/tui/actions.go:151.30,152.24 1 1
github.com/jbonatakis/blackbird/internal/tui/actions.go:152.24,154.3 1 1
github.com/jbonatakis/blackbird/internal/tui/actions.go:156.2,157.9 2 1
github.com/jbonatakis/blackbird/internal/tui/actions.go:157.9,159.3 1 0
github.com/jbonatakis/blackbird/internal/tui/actions.go:162.2,162.43 1 1
github.com/jbonatakis/blackbird/internal/tui/actions.go:162.43,164.3 1 1
github.com/jbonatakis/blackbird/internal/tui/actions.go:167.2,167.32 1 1
github.com/jbonatakis/blackbird/internal/tui/actions.go:167.32,168.65 1 1
github.com/jbonatakis/blackbird/internal/tui/actions.go:168.65,170.4 1 1
github.com/jbonatakis/blackbird/internal/tui/actions.go:173.2,173.14 1 1
github.com/jbonatakis/blackbird/internal/tui/agent_question_modal.go:26.73,27.25 1 1
github.com/jbonatakis/blackbird/internal/tui/agent_question_modal.go:27.25,29.3 1 0
github.com/jbonatakis/blackbird/internal/tui/agent_question_modal.go:32.2,39.36 6 1
github.com/jbonatakis/blackbird/internal/tui/agent_question_modal.go:39.36,42.3 1 1
github.com/jbonatakis/blackbird/internal/tui/agent_question_modal.go:42.8,46.3 2 1
github.com/jbonatakis/blackbird/internal/tui/agent_question_modal.go:48.2,56.3 1 1
github.com/jbonatakis/blackbird/internal/tui/agent_question_modal.go:60.56,66.21 4 0
github.com/jbonatakis/blackbird/internal/tui/agent_question_modal.go:66.21,68.3 1 0
github.com/jbonatakis/blackbird/internal/tui/agent_question_modal.go:69.2,69.21 1 0
github.com/jbonatakis/blackbird/internal/tui/agent_question_modal.go:69.21,71.3 1 0
github.com/jbonatakis/blackbird/internal/tui/agent_question_modal.go:73.2,73.32 1 0
github.com/jbonatakis/blackbird/internal/tui/agent_question_modal.go:77.61,78.62 1 1
github.com/jbonatakis/blackbird/internal/tui/agent_question_modal.go:78.62,80.3 1 1
github.com/jbonatakis/blackbird/internal/tui/agent_question_modal.go:81.2,81.25 1 0
github.com/jbonatakis/blackbird/internal/tui/agent_question_modal.go:85.46,87.2 1 1
github.com/jbonatakis/blackbird/internal/tui/agent_question_modal.go:90.56,92.2 1 1
github.com/jbonatakis/blackbird/internal/tui/agent_question_modal.go:95.77,98.27 2 1
github.com/jbonatakis/blackbird/internal/tui/agent_question_modal.go:99.18,103.23 3 1
github.com/jbonatakis/blackbird/internal/tui/agent_question_modal.go:104.16,106.18 1 1
github.com/jbonatakis/blackbird/internal/tui/agent_question_modal.go:106.18,107.74 1 1
github.com/jbonatakis/blackbird/internal/tui/agent_question_modal.go:107.74,115.6 3 1
github.com/jbonatakis/blackbird/internal/tui/agent_question_modal.go:116.10,119.20 2 1
github.com/jbonatakis/blackbird/internal/tui/agent_question_modal.go:119.20,126.6 3 1
github.com/jbonatakis/blackbird/internal/tui/agent_question_modal.go:128.4,128.17 1 1
github.com/jbonatakis/blackbird/internal/tui/agent_question_modal.go:130.18,131.42 1 1
github.com/jbonatakis/blackbird/internal/tui/agent_question_modal.go:131.42,133.5 1 1
github.com/jbonatakis/blackbird/internal/tui/agent_question_modal.go:134.4,134.17 1 1
github.com/jbonatakis/blackbird/internal/tui/agent_question_modal.go:136.20,137.64 1 1
github.com/jbonatakis/blackbird/internal/tui/agent_question_modal.go:137.64,139.5 1 1
github.com/jbonatakis/blackbird/internal/tui/agent_question_modal.go:140.4,140.17 1 1
github.com/jbonatakis/blackbird/internal/tui/agent_question_modal.go:142.52,143.18 1 1
github.com/jbonatakis/blackbird/internal/tui/agent_question_modal.go:143.18,146.48 3 1
github.com/jbonatakis/blackbird/internal/tui/agent_question_modal.go:146.48,148.6 1 1
github.com/jbonatakis/blackbird/internal/tui/agent_question_modal.go:150.4,150.17 1 1
github.com/jbonatakis/blackbird/internal/tui/agent_question_modal.go:154.3,154.18 1 0
github.com/jbonatakis/blackbird/internal/tui/agent_question_modal.go:154.18,156.4 1 0
github.com/jbonatakis/blackbird/internal/tui/agent_question_modal.go:159.2,159.15 1 0
github.com/jbonatakis/blackbird/internal/tui/agent_question_modal.go:163.50,168.39 4 1
github.com/jbonatakis/blackbird/internal/tui/agent_question_modal.go:168.39,170.33 2 1
github.com/jbonatakis/blackbird/internal/tui/agent_question_modal.go:170.33,173.4 1 1
github.com/jbonatakis/blackbird/internal/tui/agent_question_modal.go:173.9,178.4 2 1
github.com/jbonatakis/blackbird/internal/tui/agent_question_modal.go:183.71,184.32 1 0
github.com/jbonatakis/blackbird/internal/tui/agent_question_modal.go:184.32,187.3 2 0
github.com/jbonatakis/blackbird/internal/tui/agent_question_modal.go:190.2,190.65 1 0
github.com/jbonatakis/blackbird/internal/tui/agent_question_modal.go:190.65,214.3 8 0
github.com/jbonatakis/blackbird/internal/tui/agent_question_modal.go:217.2,219.15 3 0
github.com/jbonatakis/blackbird/internal/tui/agent_question_modal.go:223.71,224.23 1 0
github.com/jbonatakis/blackbird/internal/tui/agent_question_modal.go:224.23,226.3 1 0
github.com/jbonatakis/blackbird/internal/tui/agent_question_modal.go:228.2,254.16 17 0
github.com/jbonatakis/blackbird/internal/tui/agent_question_modal.go:254.16,256.40 1 0
github.com/jbonatakis/blackbird/internal/tui/agent_question_modal.go:256.40,258.32 2 0
github.com/jbonatakis/blackbird/internal/tui/agent_question_modal.go:258.32,260.5 1 0
github.com/jbonatakis/blackbird/internal/tui/agent_question_modal.go:260.10,262.5 1 0
github.com/jbonatakis/blackbird/internal/tui/agent_question_modal.go:264.3,265.127 2 0
github.com/jbonatakis/blackbird/internal/tui/agent_question_modal.go:266.8,271.3 3 0
github.com/jbonatakis/blackbird/internal/tui/agent_question_modal.go:274.2,275.21 2 0
github.com/jbonatakis/blackbird/internal/tui/agent_question_modal.go:275.21,277.3 1 0
github.com/jbonatakis/blackbird/internal/tui/agent_question_modal.go:278.2,278.21 1 0
github.com/jbonatakis/blackbird/internal/tui/agent_question_modal.go:278.21,280.3 1 0
github.com/jbonatakis/blackbird/internal/tui/agent_question_modal.go:281.2,281.55 1 0
github.com/jbonatakis/blackbird/internal/tui/agent_question_modal.go:281.55,283.3 1 0
github.com/jbonatakis/blackbird/internal/tui/agent_question_modal.go:285.2,294.24 3 0
github.com/jbonatakis/blackbird/internal/tui/agent_question_modal.go:294.24,296.21 2 0
github.com/jbonatakis/blackbird/internal/tui/agent_question_modal.go:296.21,299.4 2 0
github.com/jbonatakis/blackbird/internal/tui/agent_question_modal.go:302.2,302.14 1 0
github.com/jbonatakis/blackbird/internal/tui/agent_question_modal.go:306.44,324.55 9 0
github.com/jbonatakis/blackbird/internal/tui/agent_question_modal.go:324.55,326.3 1 0
github.com/jbonatakis/blackbird/internal/tui/agent_question_modal.go:328.2,337.24 3 0
github.com/jbonatakis/blackbird/internal/tui/agent_question_modal.go:337.24,339.21 2 0
github.com/jbonatakis/blackbird/internal/tui/agent_question_modal.go:339.21,342.4 2 0
github.com/jbonatakis/blackbird/internal/tui/agent_question_modal.go:345.2,345.14 1 0
github.com/jbonatakis/blackbird/internal/tui/bottom_bar.go:14.42,21.28 5 1
github.com/jbonatakis/blackbird/internal/tui/bottom_bar.go:21.28,24.3 2 0
github.com/jbonatakis/blackbird/internal/tui/bottom_bar.go:26.2,29.22 4 1
github.com/jbonatakis/blackbird/internal/tui/bottom_bar.go:29.22,31.23 2 1
github.com/jbonatakis/blackbird/internal/tui/bottom_bar.go:31.23,33.4 1 0
github.com/jbonatakis/blackbird/internal/tui/bottom_bar.go:35.2,38.26 3 1
github.com/jbonatakis/blackbird/internal/tui/bottom_bar.go:41.56,42.28 1 1
github.com/jbonatakis/blackbird/internal/tui/bottom_bar.go:42.28,44.3 1 0
github.com/jbonatakis/blackbird/internal/tui/bottom_bar.go:45.2,54.21 2 1
github.com/jbonatakis/blackbird/internal/tui/bottom_bar.go:54.21,56.3 1 1
github.com/jbonatakis/blackbird/internal/tui/bottom_bar.go:57.2,57.28 1 1
github.com/jbonatakis/blackbird/internal/tui/bottom_bar.go:57.28,59.3 1 1
github.com/jbonatakis/blackbird/internal/tui/bottom_bar.go:60.2,60.22 1 1
github.com/jbonatakis/blackbird/internal/tui/bottom_bar.go:60.22,63.34 2 0
github.com/jbonatakis/blackbird/internal/tui/bottom_bar.go:63.34,64.29 1 0
github.com/jbonatakis/blackbird/internal/tui/bottom_bar.go:64.29,66.10 2 0
github.com/jbonatakis/blackbird/internal/tui/bottom_bar.go:69.3,69.16 1 0
github.com/jbonatakis/blackbird/internal/tui/bottom_bar.go:69.16,71.35 1 0
github.com/jbonatakis/blackbird/internal/tui/bottom_bar.go:71.35,72.33 1 0
github.com/jbonatakis/blackbird/internal/tui/bottom_bar.go:72.33,74.11 2 0
github.com/jbonatakis/blackbird/internal/tui/bottom_bar.go:78.3,78.37 1 0
github.com/jbonatakis/blackbird/internal/tui/bottom_bar.go:78.37,80.4 1 0
github.com/jbonatakis/blackbird/internal/tui/bottom_bar.go:80.9,82.4 1 0
github.com/jbonatakis/blackbird/internal/tui/bottom_bar.go:84.2,84.45 1 1
github.com/jbonatakis/blackbird/internal/tui/bottom_bar.go:84.45,86.3 1 0
github.com/jbonatakis/blackbird/internal/tui/bottom_bar.go:87.2,87.48 1 1
github.com/jbonatakis/blackbird/internal/tui/bottom_bar.go:87.48,89.3 1 0
github.com/jbonatakis/blackbird/internal/tui/bottom_bar.go:90.2,90.49 1 1
github.com/jbonatakis/blackbird/internal/tui/bottom_bar.go:90.49,91.37 1 0
github.com/jbonatakis/blackbird/internal/tui/bottom_bar.go:91.37,93.33 2 0
github.com/jbonatakis/blackbird/internal/tui/bottom_bar.go:93.33,95.5 1 0
github.com/jbonatakis/blackbird/internal/tui/bottom_bar.go:95.10,97.5 1 0
github.com/jbonatakis/blackbird/internal/tui/bottom_bar.go:100.2,100.46 1 1
github.com/jbonatakis/blackbird/internal/tui/bottom_bar.go:100.46,101.89 1 0
github.com/jbonatakis/blackbird/internal/tui/bottom_bar.go:101.89,103.4 1 0
github.com/jbonatakis/blackbird/internal/tui/bottom_bar.go:103.9,103.98 1 0
github.com/jbonatakis/blackbird/internal/tui/bottom_bar.go:103.98,105.4 1 0
github.com/jbonatakis/blackbird/internal/tui/bottom_bar.go:107.2,107.16 1 1
github.com/jbonatakis/blackbird/internal/tui/bottom_bar.go:110.61,112.33 2 1
github.com/jbonatakis/blackbird/internal/tui/bottom_bar.go:112.33,113.23 1 1
github.com/jbonatakis/blackbird/internal/tui/bottom_bar.go:113.23,114.12 1 1
github.com/jbonatakis/blackbird/internal/tui/bottom_bar.go:116.3,116.38 1 1
github.com/jbonatakis/blackbird/internal/tui/bottom_bar.go:118.2,118.17 1 1
github.com/jbonatakis/blackbird/internal/tui/bottom_bar.go:121.41,123.29 2 1
github.com/jbonatakis/blackbird/internal/tui/bottom_bar.go:123.29,124.38 1 1
github.com/jbonatakis/blackbird/internal/tui/bottom_bar.go:124.38,126.12 2 0
github.com/jbonatakis/blackbird/internal/tui/bottom_bar.go:128.3,128.70 1 1
github.com/jbonatakis/blackbird/internal/tui/bottom_bar.go:128.70,130.4 1 1
github.com/jbonatakis/blackbird/internal/tui/bottom_bar.go:132.2,132.14 1 1
github.com/jbonatakis/blackbird/internal/tui/bottom_bar.go:135.61,136.16 1 1
github.com/jbonatakis/blackbird/internal/tui/bottom_bar.go:136.16,138.3 1 1
github.com/jbonatakis/blackbird/internal/tui/bottom_bar.go:139.2,142.13 4 1
github.com/jbonatakis/blackbird/internal/tui/bottom_bar.go:142.13,144.24 2 0
github.com/jbonatakis/blackbird/internal/tui/bottom_bar.go:144.24,146.4 1 0
github.com/jbonatakis/blackbird/internal/tui/bottom_bar.go:147.3,150.14 4 0
github.com/jbonatakis/blackbird/internal/tui/bottom_bar.go:150.14,152.4 1 0
github.com/jbonatakis/blackbird/internal/tui/bottom_bar.go:154.2,155.29 2 1
github.com/jbonatakis/blackbird/internal/tui/bottom_bar.go:158.43,159.16 1 1
github.com/jbonatakis/blackbird/internal/tui/bottom_bar.go:159.16,161.3 1 0
github.com/jbonatakis/blackbird/internal/tui/bottom_bar.go:162.2,163.25 2 1
github.com/jbonatakis/blackbird/internal/tui/bottom_bar.go:163.25,165.3 1 1
github.com/jbonatakis/blackbird/internal/tui/bottom_bar.go:166.2,166.30 1 0
github.com/jbonatakis/blackbird/internal/tui/detail_view.go:13.43,14.28 1 1
github.com/jbonatakis/blackbird/internal/tui/detail_view.go:14.28,16.3 1 1
github.com/jbonatakis/blackbird/internal/tui/detail_view.go:17.2,18.9 2 1
github.com/jbonatakis/blackbird/internal/tui/detail_view.go:18.9,20.3 1 0
github.com/jbonatakis/blackbird/internal/tui/detail_view.go:22.2,36.45 13 1
github.com/jbonatakis/blackbird/internal/tui/detail_view.go:36.45,38.3 1 0
github.com/jbonatakis/blackbird/internal/tui/detail_view.go:38.8,41.3 2 1
github.com/jbonatakis/blackbird/internal/tui/detail_view.go:43.2,44.37 2 1
github.com/jbonatakis/blackbird/internal/tui/detail_view.go:44.37,46.3 1 1
github.com/jbonatakis/blackbird/internal/tui/detail_view.go:46.8,47.44 1 1
github.com/jbonatakis/blackbird/internal/tui/detail_view.go:47.44,51.4 3 1
github.com/jbonatakis/blackbird/internal/tui/detail_view.go:52.3,52.22 1 1
github.com/jbonatakis/blackbird/internal/tui/detail_view.go:55.2,56.23 2 1
github.com/jbonatakis/blackbird/internal/tui/detail_view.go:56.23,58.3 1 1
github.com/jbonatakis/blackbird/internal/tui/detail_view.go:58.8,59.33 1 1
github.com/jbonatakis/blackbird/internal/tui/detail_view.go:59.33,61.11 2 1
github.com/jbonatakis/blackbird/internal/tui/detail_view.go:61.11,63.13 2 0
github.com/jbonatakis/blackbird/internal/tui/detail_view.go:65.4,65.78 1 1
github.com/jbonatakis/blackbird/internal/tui/detail_view.go:67.3,67.22 1 1
github.com/jbonatakis/blackbird/internal/tui/detail_view.go:70.2,72.26 3 1
github.com/jbonatakis/blackbird/internal/tui/detail_view.go:72.26,74.3 1 1
github.com/jbonatakis/blackbird/internal/tui/detail_view.go:74.8,75.36 1 1
github.com/jbonatakis/blackbird/internal/tui/detail_view.go:75.36,77.11 2 1
github.com/jbonatakis/blackbird/internal/tui/detail_view.go:77.11,79.13 2 0
github.com/jbonatakis/blackbird/internal/tui/detail_view.go:81.4,81.78 1 1
github.com/jbonatakis/blackbird/internal/tui/detail_view.go:83.3,83.22 1 1
github.com/jbonatakis/blackbird/internal/tui/detail_view.go:86.2,90.12 5 1
github.com/jbonatakis/blackbird/internal/tui/detail_view.go:90.12,92.3 1 1
github.com/jbonatakis/blackbird/internal/tui/detail_view.go:92.8,94.3 1 0
github.com/jbonatakis/blackbird/internal/tui/detail_view.go:95.2,95.47 1 1
github.com/jbonatakis/blackbird/internal/tui/detail_view.go:95.47,97.3 1 0
github.com/jbonatakis/blackbird/internal/tui/detail_view.go:98.2,101.40 3 1
github.com/jbonatakis/blackbird/internal/tui/detail_view.go:101.40,103.3 1 1
github.com/jbonatakis/blackbird/internal/tui/detail_view.go:103.8,105.42 2 1
github.com/jbonatakis/blackbird/internal/tui/detail_view.go:105.42,107.4 1 1
github.com/jbonatakis/blackbird/internal/tui/detail_view.go:110.2,111.38 2 1
github.com/jbonatakis/blackbird/internal/tui/detail_view.go:114.45,117.2 2 1
github.com/jbonatakis/blackbird/internal/tui/detail_view.go:119.81,122.2 2 1
github.com/jbonatakis/blackbird/internal/tui/detail_view.go:124.98,128.2 3 1
github.com/jbonatakis/blackbird/internal/tui/detail_view.go:130.42,131.16 1 1
github.com/jbonatakis/blackbird/internal/tui/detail_view.go:131.16,133.3 1 0
github.com/jbonatakis/blackbird/internal/tui/detail_view.go:134.2,134.37 1 1
github.com/jbonatakis/blackbird/internal/tui/detail_view.go:137.56,139.16 2 1
github.com/jbonatakis/blackbird/internal/tui/detail_view.go:139.16,141.3 1 1
github.com/jbonatakis/blackbird/internal/tui/detail_view.go:142.2,143.31 2 1
github.com/jbonatakis/blackbird/internal/tui/detail_view.go:143.31,145.3 1 1
github.com/jbonatakis/blackbird/internal/tui/detail_view.go:146.2,149.16 4 1
github.com/jbonatakis/blackbird/internal/tui/detail_view.go:149.16,151.3 1 0
github.com/jbonatakis/blackbird/internal/tui/detail_view.go:152.2,154.19 3 1
github.com/jbonatakis/blackbird/internal/tui/detail_view.go:154.19,156.3 1 1
github.com/jbonatakis/blackbird/internal/tui/detail_view.go:157.2,157.24 1 1
github.com/jbonatakis/blackbird/internal/tui/detail_view.go:157.24,159.3 1 0
github.com/jbonatakis/blackbird/internal/tui/detail_view.go:160.2,161.20 2 1
github.com/jbonatakis/blackbird/internal/tui/execution_view.go:14.46,23.19 7 1
github.com/jbonatakis/blackbird/internal/tui/execution_view.go:23.19,26.3 2 1
github.com/jbonatakis/blackbird/internal/tui/execution_view.go:26.8,33.32 7 1
github.com/jbonatakis/blackbird/internal/tui/execution_view.go:33.32,35.30 2 0
github.com/jbonatakis/blackbird/internal/tui/execution_view.go:35.30,37.5 1 0
github.com/jbonatakis/blackbird/internal/tui/execution_view.go:38.4,38.59 1 0
github.com/jbonatakis/blackbird/internal/tui/execution_view.go:40.3,40.22 1 1
github.com/jbonatakis/blackbird/internal/tui/execution_view.go:43.2,44.19 2 1
github.com/jbonatakis/blackbird/internal/tui/execution_view.go:44.19,47.3 2 1
github.com/jbonatakis/blackbird/internal/tui/execution_view.go:47.8,51.3 3 1
github.com/jbonatakis/blackbird/internal/tui/execution_view.go:53.2,60.38 7 1
github.com/jbonatakis/blackbird/internal/tui/execution_view.go:63.81,64.23 1 1
github.com/jbonatakis/blackbird/internal/tui/execution_view.go:64.23,66.3 1 1
github.com/jbonatakis/blackbird/internal/tui/execution_view.go:67.2,68.33 2 1
github.com/jbonatakis/blackbird/internal/tui/execution_view.go:68.33,69.101 1 1
github.com/jbonatakis/blackbird/internal/tui/execution_view.go:69.101,70.12 1 0
github.com/jbonatakis/blackbird/internal/tui/execution_view.go:72.3,72.68 1 1
github.com/jbonatakis/blackbird/internal/tui/execution_view.go:72.68,75.4 2 1
github.com/jbonatakis/blackbird/internal/tui/execution_view.go:77.2,77.17 1 1
github.com/jbonatakis/blackbird/internal/tui/execution_view.go:80.57,82.16 2 1
github.com/jbonatakis/blackbird/internal/tui/execution_view.go:83.34,84.49 1 0
github.com/jbonatakis/blackbird/internal/tui/execution_view.go:85.33,86.50 1 0
github.com/jbonatakis/blackbird/internal/tui/execution_view.go:87.38,88.50 1 0
github.com/jbonatakis/blackbird/internal/tui/execution_view.go:89.34,90.49 1 1
github.com/jbonatakis/blackbird/internal/tui/execution_view.go:91.10,92.50 1 0
github.com/jbonatakis/blackbird/internal/tui/execution_view.go:94.2,94.37 1 1
github.com/jbonatakis/blackbird/internal/tui/execution_view.go:97.72,99.24 2 1
github.com/jbonatakis/blackbird/internal/tui/execution_view.go:99.24,101.3 1 1
github.com/jbonatakis/blackbird/internal/tui/execution_view.go:102.2,102.27 1 1
github.com/jbonatakis/blackbird/internal/tui/execution_view.go:102.27,104.3 1 1
github.com/jbonatakis/blackbird/internal/tui/execution_view.go:105.2,110.63 6 1
github.com/jbonatakis/blackbird/internal/tui/execution_view.go:113.99,117.21 4 1
github.com/jbonatakis/blackbird/internal/tui/execution_view.go:117.21,121.3 3 0
github.com/jbonatakis/blackbird/internal/tui/execution_view.go:122.2,122.29 1 1
github.com/jbonatakis/blackbird/internal/tui/execution_view.go:122.29,125.3 2 1
github.com/jbonatakis/blackbird/internal/tui/execution_view.go:128.52,129.16 1 1
github.com/jbonatakis/blackbird/internal/tui/execution_view.go:129.16,131.3 1 0
github.com/jbonatakis/blackbird/internal/tui/execution_view.go:132.2,134.41 3 1
github.com/jbonatakis/blackbird/internal/tui/execution_view.go:134.41,136.3 1 0
github.com/jbonatakis/blackbird/internal/tui/execution_view.go:137.2,138.24 2 1
github.com/jbonatakis/blackbird/internal/tui/execution_view.go:138.24,140.3 1 1
github.com/jbonatakis/blackbird/internal/tui/execution_view.go:141.2,141.14 1 1
github.com/jbonatakis/blackbird/internal/tui/model.go:73.39,83.26 2 1
github.com/jbonatakis/blackbird/internal/tui/model.go:83.26,85.8 2 1
github.com/jbonatakis/blackbird/internal/tui/model.go:87.2,87.10 1 1
github.com/jbonatakis/blackbird/internal/tui/model.go:90.31,92.30 2 0
github.com/jbonatakis/blackbird/internal/tui/model.go:92.30,94.3 1 0
github.com/jbonatakis/blackbird/internal/tui/model.go:95.2,95.27 1 0
github.com/jbonatakis/blackbird/internal/tui/model.go:100.57,101.29 1 1
github.com/jbonatakis/blackbird/internal/tui/model.go:102.25,107.32 3 1
github.com/jbonatakis/blackbird/internal/tui/model.go:107.32,109.4 1 1
github.com/jbonatakis/blackbird/internal/tui/model.go:110.3,110.33 1 1
github.com/jbonatakis/blackbird/internal/tui/model.go:110.33,112.4 1 0
github.com/jbonatakis/blackbird/internal/tui/model.go:113.3,113.30 1 1
github.com/jbonatakis/blackbird/internal/tui/model.go:113.30,115.4 1 0
github.com/jbonatakis/blackbird/internal/tui/model.go:117.3,117.16 1 1
github.com/jbonatakis/blackbird/internal/tui/model.go:118.22,119.26 1 0
github.com/jbonatakis/blackbird/internal/tui/model.go:119.26,121.4 1 0
github.com/jbonatakis/blackbird/internal/tui/model.go:122.3,123.29 2 0
github.com/jbonatakis/blackbird/internal/tui/model.go:124.34,127.23 3 1
github.com/jbonatakis/blackbird/internal/tui/model.go:127.23,132.4 1 1
github.com/jbonatakis/blackbird/internal/tui/model.go:132.9,132.38 1 1
github.com/jbonatakis/blackbird/internal/tui/model.go:132.38,139.4 5 0
github.com/jbonatakis/blackbird/internal/tui/model.go:139.9,139.31 1 1
github.com/jbonatakis/blackbird/internal/tui/model.go:139.31,146.4 5 1
github.com/jbonatakis/blackbird/internal/tui/model.go:147.3,147.28 1 1
github.com/jbonatakis/blackbird/internal/tui/model.go:148.26,151.23 3 0
github.com/jbonatakis/blackbird/internal/tui/model.go:151.23,156.4 1 0
github.com/jbonatakis/blackbird/internal/tui/model.go:156.9,161.4 1 0
github.com/jbonatakis/blackbird/internal/tui/model.go:162.3,162.28 1 0
github.com/jbonatakis/blackbird/internal/tui/model.go:163.29,166.23 3 0
github.com/jbonatakis/blackbird/internal/tui/model.go:166.23,171.4 1 0
github.com/jbonatakis/blackbird/internal/tui/model.go:171.9,176.4 1 0
github.com/jbonatakis/blackbird/internal/tui/model.go:177.3,177.92 1 0
github.com/jbonatakis/blackbird/internal/tui/model.go:177.92,179.4 1 0
github.com/jbonatakis/blackbird/internal/tui/model.go:180.3,180.16 1 0
github.com/jbonatakis/blackbird/internal/tui/model.go:181.21,182.23 1 0
github.com/jbonatakis/blackbird/internal/tui/model.go:182.23,184.4 1 0
github.com/jbonatakis/blackbird/internal/tui/model.go:185.3,186.31 2 0
github.com/jbonatakis/blackbird/internal/tui/model.go:186.31,187.22 1 0
github.com/jbonatakis/blackbird/internal/tui/model.go:187.22,190.5 2 0
github.com/jbonatakis/blackbird/internal/tui/model.go:191.4,191.17 1 0
github.com/jbonatakis/blackbird/internal/tui/model.go:193.3,194.16 2 0
github.com/jbonatakis/blackbird/internal/tui/model.go:195.25,196.60 1 0
github.com/jbonatakis/blackbird/internal/tui/model.go:197.21,198.49 1 0
github.com/jbonatakis/blackbird/internal/tui/model.go:198.49,201.4 2 0
github.com/jbonatakis/blackbird/internal/tui/model.go:202.3,202.16 1 0
github.com/jbonatakis/blackbird/internal/tui/model.go:203.20,205.31 2 0
github.com/jbonatakis/blackbird/internal/tui/model.go:205.31,208.4 2 0
github.com/jbonatakis/blackbird/internal/tui/model.go:209.3,209.16 1 0
github.com/jbonatakis/blackbird/internal/tui/model.go:210.18,211.42 1 1
github.com/jbonatakis/blackbird/internal/tui/model.go:211.42,212.26 1 0
github.com/jbonatakis/blackbird/internal/tui/model.go:213.23,214.23 1 0
github.com/jbonatakis/blackbird/internal/tui/model.go:215.12,216.49 1 0
github.com/jbonatakis/blackbird/internal/tui/model.go:219.3,219.49 1 1
github.com/jbonatakis/blackbird/internal/tui/model.go:219.49,220.26 1 1
github.com/jbonatakis/blackbird/internal/tui/model.go:221.23,222.23 1 0
github.com/jbonatakis/blackbird/internal/tui/model.go:223.12,224.56 1 1
github.com/jbonatakis/blackbird/internal/tui/model.go:227.3,227.45 1 1
github.com/jbonatakis/blackbird/internal/tui/model.go:227.45,228.26 1 1
github.com/jbonatakis/blackbird/internal/tui/model.go:229.23,230.23 1 1
github.com/jbonatakis/blackbird/internal/tui/model.go:231.15,235.18 3 1
github.com/jbonatakis/blackbird/internal/tui/model.go:236.12,237.43 1 1
github.com/jbonatakis/blackbird/internal/tui/model.go:240.3,240.46 1 1
github.com/jbonatakis/blackbird/internal/tui/model.go:240.46,241.26 1 0
github.com/jbonatakis/blackbird/internal/tui/model.go:242.23,243.23 1 0
github.com/jbonatakis/blackbird/internal/tui/model.go:244.15,249.18 4 0
github.com/jbonatakis/blackbird/internal/tui/model.go:250.12,251.44 1 0
github.com/jbonatakis/blackbird/internal/tui/model.go:254.3,254.43 1 1
github.com/jbonatakis/blackbird/internal/tui/model.go:254.43,255.26 1 0
github.com/jbonatakis/blackbird/internal/tui/model.go:256.23,257.23 1 0
github.com/jbonatakis/blackbird/internal/tui/model.go:258.15,267.18 5 0
github.com/jbonatakis/blackbird/internal/tui/model.go:268.12,269.41 1 0
github.com/jbonatakis/blackbird/internal/tui/model.go:273.3,273.51 1 1
github.com/jbonatakis/blackbird/internal/tui/model.go:273.51,275.4 1 0
github.com/jbonatakis/blackbird/internal/tui/model.go:276.3,276.25 1 1
github.com/jbonatakis/blackbird/internal/tui/model.go:277.22,278.22 1 1
github.com/jbonatakis/blackbird/internal/tui/model.go:279.14,280.32 1 0
github.com/jbonatakis/blackbird/internal/tui/model.go:280.32,282.5 1 0
github.com/jbonatakis/blackbird/internal/tui/model.go:282.10,284.5 1 0
github.com/jbonatakis/blackbird/internal/tui/model.go:285.4,285.17 1 0
github.com/jbonatakis/blackbird/internal/tui/model.go:286.12,287.60 1 1
github.com/jbonatakis/blackbird/internal/tui/model.go:287.60,289.5 1 1
github.com/jbonatakis/blackbird/internal/tui/model.go:290.4,290.31 1 1
github.com/jbonatakis/blackbird/internal/tui/model.go:290.31,292.5 1 1
github.com/jbonatakis/blackbird/internal/tui/model.go:292.10,294.5 1 1
github.com/jbonatakis/blackbird/internal/tui/model.go:295.4,296.17 2 1
github.com/jbonatakis/blackbird/internal/tui/model.go:297.12,301.17 4 0
github.com/jbonatakis/blackbird/internal/tui/model.go:302.18,303.32 1 0
github.com/jbonatakis/blackbird/internal/tui/model.go:303.32,305.5 1 0
github.com/jbonatakis/blackbird/internal/tui/model.go:306.4,307.42 2 0
github.com/jbonatakis/blackbird/internal/tui/model.go:307.42,310.5 2 0
github.com/jbonatakis/blackbird/internal/tui/model.go:311.4,311.17 1 0
github.com/jbonatakis/blackbird/internal/tui/model.go:312.20,313.32 1 0
github.com/jbonatakis/blackbird/internal/tui/model.go:313.32,315.5 1 0
github.com/jbonatakis/blackbird/internal/tui/model.go:316.4,317.42 2 0
github.com/jbonatakis/blackbird/internal/tui/model.go:317.42,320.5 2 0
github.com/jbonatakis/blackbird/internal/tui/model.go:321.4,321.17 1 0
github.com/jbonatakis/blackbird/internal/tui/model.go:322.15,323.32 1 0
github.com/jbonatakis/blackbird/internal/tui/model.go:323.32,325.5 1 0
github.com/jbonatakis/blackbird/internal/tui/model.go:326.4,327.54 2 0
github.com/jbonatakis/blackbird/internal/tui/model.go:327.54,330.5 2 0
github.com/jbonatakis/blackbird/internal/tui/model.go:331.4,331.17 1 0
github.com/jbonatakis/blackbird/internal/tui/model.go:332.14,333.32 1 0
github.com/jbonatakis/blackbird/internal/tui/model.go:333.32,335.5 1 0
github.com/jbonatakis/blackbird/internal/tui/model.go:336.4,337.24 2 0
github.com/jbonatakis/blackbird/internal/tui/model.go:337.24,339.29 2 0
github.com/jbonatakis/blackbird/internal/tui/model.go:339.29,342.6 2 0
github.com/jbonatakis/blackbird/internal/tui/model.go:344.4,344.17 1 0
github.com/jbonatakis/blackbird/internal/tui/model.go:345.21,346.54 1 0
github.com/jbonatakis/blackbird/internal/tui/model.go:346.54,348.5 1 0
github.com/jbonatakis/blackbird/internal/tui/model.go:349.4,349.32 1 0
github.com/jbonatakis/blackbird/internal/tui/model.go:349.32,352.5 2 0
github.com/jbonatakis/blackbird/internal/tui/model.go:353.4,353.17 1 0
github.com/jbonatakis/blackbird/internal/tui/model.go:354.25,355.34 1 0
github.com/jbonatakis/blackbird/internal/tui/model.go:355.34,357.5 1 0
github.com/jbonatakis/blackbird/internal/tui/model.go:358.4,359.16 2 0
github.com/jbonatakis/blackbird/internal/tui/model.go:359.16,361.27 2 0
github.com/jbonatakis/blackbird/internal/tui/model.go:361.27,363.6 1 0
github.com/jbonatakis/blackbird/internal/tui/model.go:365.4,365.17 1 0
github.com/jbonatakis/blackbird/internal/tui/model.go:366.29,367.34 1 0
github.com/jbonatakis/blackbird/internal/tui/model.go:367.34,369.5 1 0
github.com/jbonatakis/blackbird/internal/tui/model.go:370.4,371.16 2 0
github.com/jbonatakis/blackbird/internal/tui/model.go:371.16,373.5 1 0
github.com/jbonatakis/blackbird/internal/tui/model.go:374.4,374.17 1 0
github.com/jbonatakis/blackbird/internal/tui/model.go:375.12,376.60 1 1
github.com/jbonatakis/blackbird/internal/tui/model.go:376.60,378.5 1 1
github.com/jbonatakis/blackbird/internal/tui/model.go:381.4,384.29 2 1
github.com/jbonatakis/blackbird/internal/tui/model.go:384.29,388.5 2 1
github.com/jbonatakis/blackbird/internal/tui/model.go:390.4,394.17 5 1
github.com/jbonatakis/blackbird/internal/tui/model.go:395.12,396.60 1 0
github.com/jbonatakis/blackbird/internal/tui/model.go:396.60,398.5 1 0
github.com/jbonatakis/blackbird/internal/tui/model.go:399.4,401.58 3 0
github.com/jbonatakis/blackbird/internal/tui/model.go:402.12,403.60 1 0
github.com/jbonatakis/blackbird/internal/tui/model.go:403.60,405.5 1 0
github.com/jbonatakis/blackbird/internal/tui/model.go:406.4,406.46 1 0
github.com/jbonatakis/blackbird/internal/tui/model.go:406.46,408.5 1 0
github.com/jbonatakis/blackbird/internal/tui/model.go:409.4,411.55 3 0
github.com/jbonatakis/blackbird/internal/tui/model.go:412.12,413.60 1 0
github.com/jbonatakis/blackbird/internal/tui/model.go:413.60,415.5 1 0
github.com/jbonatakis/blackbird/internal/tui/model.go:416.4,416.26 1 0
github.com/jbonatakis/blackbird/internal/tui/model.go:416.26,418.5 1 0
github.com/jbonatakis/blackbird/internal/tui/model.go:419.4,421.17 3 0
github.com/jbonatakis/blackbird/internal/tui/model.go:422.12,423.60 1 0
github.com/jbonatakis/blackbird/internal/tui/model.go:423.60,425.5 1 0
github.com/jbonatakis/blackbird/internal/tui/model.go:426.4,426.21 1 0
github.com/jbonatakis/blackbird/internal/tui/model.go:426.21,428.5 1 0
github.com/jbonatakis/blackbird/internal/tui/model.go:429.4,431.66 3 0
github.com/jbonatakis/blackbird/internal/tui/model.go:434.2,434.15 1 0
github.com/jbonatakis/blackbird/internal/tui/model.go:437.30,439.25 2 1
github.com/jbonatakis/blackbird/internal/tui/model.go:439.25,441.3 1 1
github.com/jbonatakis/blackbird/internal/tui/model.go:442.2,442.25 1 1
github.com/jbonatakis/blackbird/internal/tui/model.go:442.25,444.3 1 0
github.com/jbonatakis/blackbird/internal/tui/model.go:446.2,446.26 1 1
github.com/jbonatakis/blackbird/internal/tui/model.go:446.26,448.3 1 0
github.com/jbonatakis/blackbird/internal/tui/model.go:450.2,453.50 2 1
github.com/jbonatakis/blackbird/internal/tui/model.go:453.50,457.3 2 0
github.com/jbonatakis/blackbird/internal/tui/model.go:460.2,460.41 1 1
github.com/jbonatakis/blackbird/internal/tui/model.go:460.41,462.18 2 0
github.com/jbonatakis/blackbird/internal/tui/model.go:462.18,464.4 1 0
github.com/jbonatakis/blackbird/internal/tui/model.go:468.2,468.48 1 1
github.com/jbonatakis/blackbird/internal/tui/model.go:468.48,470.18 2 0
github.com/jbonatakis/blackbird/internal/tui/model.go:470.18,472.4 1 0
github.com/jbonatakis/blackbird/internal/tui/model.go:476.2,476.73 1 1
github.com/jbonatakis/blackbird/internal/tui/model.go:476.73,478.18 2 0
github.com/jbonatakis/blackbird/internal/tui/model.go:478.18,480.4 1 0
github.com/jbonatakis/blackbird/internal/tui/model.go:484.2,484.75 1 1
github.com/jbonatakis/blackbird/internal/tui/model.go:484.75,486.18 2 0
github.com/jbonatakis/blackbird/internal/tui/model.go:486.18,488.4 1 0
github.com/jbonatakis/blackbird/internal/tui/model.go:492.2,492.69 1 1
github.com/jbonatakis/blackbird/internal/tui/model.go:492.69,494.18 2 0
github.com/jbonatakis/blackbird/internal/tui/model.go:494.18,496.4 1 0
github.com/jbonatakis/blackbird/internal/tui/model.go:499.2,499.24 1 1
github.com/jbonatakis/blackbird/internal/tui/model.go:499.24,501.3 1 1
github.com/jbonatakis/blackbird/internal/tui/model.go:502.2,502.16 1 0
github.com/jbonatakis/blackbird/internal/tui/model.go:505.31,506.64 1 1
github.com/jbonatakis/blackbird/internal/tui/model.go:506.64,508.3 1 0
github.com/jbonatakis/blackbird/internal/tui/model.go:511.41,513.23 2 1
github.com/jbonatakis/blackbird/internal/tui/model.go:513.23,515.3 1 0
github.com/jbonatakis/blackbird/internal/tui/model.go:516.2,516.24 1 1
github.com/jbonatakis/blackbird/internal/tui/model.go:516.24,518.3 1 0
github.com/jbonatakis/blackbird/internal/tui/model.go:519.2,519.29 1 1
github.com/jbonatakis/blackbird/internal/tui/model.go:519.29,520.25 1 1
github.com/jbonatakis/blackbird/internal/tui/model.go:520.25,521.26 1 1
github.com/jbonatakis/blackbird/internal/tui/model.go:521.26,523.5 1 1
github.com/jbonatakis/blackbird/internal/tui/model.go:524.4,524.13 1 1
github.com/jbonatakis/blackbird/internal/tui/model.go:527.2,527.19 1 0
github.com/jbonatakis/blackbird/internal/tui/model.go:530.41,532.23 2 1
github.com/jbonatakis/blackbird/internal/tui/model.go:532.23,534.3 1 0
github.com/jbonatakis/blackbird/internal/tui/model.go:535.2,535.24 1 1
github.com/jbonatakis/blackbird/internal/tui/model.go:535.24,537.3 1 0
github.com/jbonatakis/blackbird/internal/tui/model.go:538.2,538.29 1 1
github.com/jbonatakis/blackbird/internal/tui/model.go:538.29,539.25 1 1
github.com/jbonatakis/blackbird/internal/tui/model.go:539.25,540.16 1 1
github.com/jbonatakis/blackbird/internal/tui/model.go:540.16,542.5 1 1
github.com/jbonatakis/blackbird/internal/tui/model.go:543.4,543.13 1 1
github.com/jbonatakis/blackbird/internal/tui/model.go:546.2,546.19 1 0
github.com/jbonatakis/blackbird/internal/tui/model.go:549.41,551.9 2 1
github.com/jbonatakis/blackbird/internal/tui/model.go:551.9,553.3 1 1
github.com/jbonatakis/blackbird/internal/tui/model.go:554.2,554.29 1 1
github.com/jbonatakis/blackbird/internal/tui/model.go:557.42,561.27 4 1
github.com/jbonatakis/blackbird/internal/tui/model.go:561.27,564.3 2 1
github.com/jbonatakis/blackbird/internal/tui/model.go:565.2,565.12 1 1
github.com/jbonatakis/blackbird/internal/tui/model.go:568.83,569.17 1 1
github.com/jbonatakis/blackbird/internal/tui/model.go:569.17,571.3 1 0
github.com/jbonatakis/blackbird/internal/tui/model.go:572.2,574.9 3 1
github.com/jbonatakis/blackbird/internal/tui/model.go:574.9,576.3 1 0
github.com/jbonatakis/blackbird/internal/tui/model.go:577.2,587.35 9 1
github.com/jbonatakis/blackbird/internal/tui/model.go:587.35,589.14 2 1
github.com/jbonatakis/blackbird/internal/tui/model.go:589.14,591.4 1 1
github.com/jbonatakis/blackbird/internal/tui/model.go:592.3,592.17 1 1
github.com/jbonatakis/blackbird/internal/tui/model.go:592.17,594.4 1 1
github.com/jbonatakis/blackbird/internal/tui/model.go:597.2,598.19 2 1
github.com/jbonatakis/blackbird/internal/tui/model.go:598.19,600.3 1 1
github.com/jbonatakis/blackbird/internal/tui/model.go:601.2,602.16 2 1
github.com/jbonatakis/blackbird/internal/tui/model.go:602.16,604.3 1 1
github.com/jbonatakis/blackbird/internal/tui/model.go:605.2,605.20 1 1
github.com/jbonatakis/blackbird/internal/tui/model.go:608.43,609.28 1 1
github.com/jbonatakis/blackbird/internal/tui/model.go:609.28,611.3 1 0
github.com/jbonatakis/blackbird/internal/tui/model.go:612.2,612.24 1 1
github.com/jbonatakis/blackbird/internal/tui/model.go:612.24,615.3 2 1
github.com/jbonatakis/blackbird/internal/tui/model.go:616.2,616.28 1 1
github.com/jbonatakis/blackbird/internal/tui/model.go:619.42,621.23 2 1
github.com/jbonatakis/blackbird/internal/tui/model.go:621.23,624.3 2 0
github.com/jbonatakis/blackbird/internal/tui/model.go:625.2,625.24 1 1
github.com/jbonatakis/blackbird/internal/tui/model.go:625.24,628.3 2 1
github.com/jbonatakis/blackbird/internal/tui/model.go:629.2,629.29 1 1
github.com/jbonatakis/blackbird/internal/tui/model.go:629.29,630.25 1 1
github.com/jbonatakis/blackbird/internal/tui/model.go:630.25,632.4 1 0
github.com/jbonatakis/blackbird/internal/tui/model.go:634.2,634.27 1 1
github.com/jbonatakis/blackbird/internal/tui/model.go:637.52,638.17 1 1
github.com/jbonatakis/blackbird/internal/tui/model.go:639.21,640.25 1 1
github.com/jbonatakis/blackbird/internal/tui/model.go:641.23,642.27 1 1
github.com/jbonatakis/blackbird/internal/tui/model.go:643.10,644.23 1 1
github.com/jbonatakis/blackbird/internal/tui/model.go:648.37,650.16 2 1
github.com/jbonatakis/blackbird/internal/tui/model.go:650.16,652.3 1 1
github.com/jbonatakis/blackbird/internal/tui/model.go:653.2,653.16 1 1
github.com/jbonatakis/blackbird/internal/tui/model.go:653.16,655.3 1 0
github.com/jbonatakis/blackbird/internal/tui/model.go:656.2,656.15 1 1
github.com/jbonatakis/blackbird/internal/tui/model.go:659.59,660.24 1 1
github.com/jbonatakis/blackbird/internal/tui/model.go:660.24,665.3 4 1
github.com/jbonatakis/blackbird/internal/tui/model.go:667.2,679.31 11 1
github.com/jbonatakis/blackbird/internal/tui/model.go:679.31,682.3 2 0
github.com/jbonatakis/blackbird/internal/tui/model.go:682.8,685.3 2 1
github.com/jbonatakis/blackbird/internal/tui/model.go:687.2,690.16 4 1
github.com/jbonatakis/blackbird/internal/tui/model.go:693.44,694.16 1 1
github.com/jbonatakis/blackbird/internal/tui/model.go:694.16,696.3 1 1
github.com/jbonatakis/blackbird/internal/tui/model.go:697.2,701.20 5 1
github.com/jbonatakis/blackbird/internal/tui/model.go:701.20,703.3 1 1
github.com/jbonatakis/blackbird/internal/tui/model.go:704.2,704.31 1 1
github.com/jbonatakis/blackbird/internal/tui/model.go:704.31,706.21 2 0
github.com/jbonatakis/blackbird/internal/tui/model.go:706.21,708.4 1 0
github.com/jbonatakis/blackbird/internal/tui/model.go:710.2,711.15 2 1
github.com/jbonatakis/blackbird/internal/tui/model.go:711.15,713.3 1 0
github.com/jbonatakis/blackbird/internal/tui/model.go:714.2,714.20 1 1
github.com/jbonatakis/blackbird/internal/tui/model.go:717.90,720.12 3 1
github.com/jbonatakis/blackbird/internal/tui/model.go:720.12,723.3 2 1
github.com/jbonatakis/blackbird/internal/tui/model.go:725.2,734.17 3 1
github.com/jbonatakis/blackbird/internal/tui/model.go:734.17,739.21 4 1
github.com/jbonatakis/blackbird/internal/tui/model.go:739.21,742.35 2 1
github.com/jbonatakis/blackbird/internal/tui/model.go:742.35,746.62 3 1
github.com/jbonatakis/blackbird/internal/tui/model.go:746.62,748.6 1 1
github.com/jbonatakis/blackbird/internal/tui/model.go:749.5,750.41 2 1
github.com/jbonatakis/blackbird/internal/tui/model.go:755.2,755.17 1 1
github.com/jbonatakis/blackbird/internal/tui/model.go:758.57,760.30 2 0
github.com/jbonatakis/blackbird/internal/tui/model.go:760.30,762.3 1 0
github.com/jbonatakis/blackbird/internal/tui/model.go:763.2,763.34 1 0
github.com/jbonatakis/blackbird/internal/tui/plan_generate_modal.go:35.45,67.2 18 1
github.com/jbonatakis/blackbird/internal/tui/plan_generate_modal.go:70.55,76.21 4 1
github.com/jbonatakis/blackbird/internal/tui/plan_generate_modal.go:76.21,78.3 1 1
github.com/jbonatakis/blackbird/internal/tui/plan_generate_modal.go:79.2,79.21 1 1
github.com/jbonatakis/blackbird/internal/tui/plan_generate_modal.go:79.21,81.3 1 0
github.com/jbonatakis/blackbird/internal/tui/plan_generate_modal.go:83.2,85.34 3 1
github.com/jbonatakis/blackbird/internal/tui/plan_generate_modal.go:89.75,93.27 3 1
github.com/jbonatakis/blackbird/internal/tui/plan_generate_modal.go:94.18,95.23 1 1
github.com/jbonatakis/blackbird/internal/tui/plan_generate_modal.go:96.23,98.29 1 1
github.com/jbonatakis/blackbird/internal/tui/plan_generate_modal.go:99.20,101.29 1 0
github.com/jbonatakis/blackbird/internal/tui/plan_generate_modal.go:106.2,106.24 1 1
github.com/jbonatakis/blackbird/internal/tui/plan_generate_modal.go:107.24,109.27 2 1
github.com/jbonatakis/blackbird/internal/tui/plan_generate_modal.go:110.24,112.27 2 0
github.com/jbonatakis/blackbird/internal/tui/plan_generate_modal.go:113.24,115.27 2 0
github.com/jbonatakis/blackbird/internal/tui/plan_generate_modal.go:118.2,118.30 1 1
github.com/jbonatakis/blackbird/internal/tui/plan_generate_modal.go:122.56,127.24 4 1
github.com/jbonatakis/blackbird/internal/tui/plan_generate_modal.go:128.24,130.24 2 1
github.com/jbonatakis/blackbird/internal/tui/plan_generate_modal.go:131.24,133.24 2 1
github.com/jbonatakis/blackbird/internal/tui/plan_generate_modal.go:134.24,135.31 1 1
github.com/jbonatakis/blackbird/internal/tui/plan_generate_modal.go:136.19,138.24 2 1
github.com/jbonatakis/blackbird/internal/tui/plan_generate_modal.go:141.2,141.10 1 1
github.com/jbonatakis/blackbird/internal/tui/plan_generate_modal.go:145.56,150.24 4 1
github.com/jbonatakis/blackbird/internal/tui/plan_generate_modal.go:151.24,152.31 1 1
github.com/jbonatakis/blackbird/internal/tui/plan_generate_modal.go:153.24,155.24 2 0
github.com/jbonatakis/blackbird/internal/tui/plan_generate_modal.go:156.24,158.24 2 0
github.com/jbonatakis/blackbird/internal/tui/plan_generate_modal.go:159.19,161.24 2 1
github.com/jbonatakis/blackbird/internal/tui/plan_generate_modal.go:164.2,164.10 1 1
github.com/jbonatakis/blackbird/internal/tui/plan_generate_modal.go:168.44,169.52 1 1
github.com/jbonatakis/blackbird/internal/tui/plan_generate_modal.go:169.52,171.3 1 1
github.com/jbonatakis/blackbird/internal/tui/plan_generate_modal.go:172.2,172.12 1 1
github.com/jbonatakis/blackbird/internal/tui/plan_generate_modal.go:176.102,181.26 3 1
github.com/jbonatakis/blackbird/internal/tui/plan_generate_modal.go:181.26,183.30 2 1
github.com/jbonatakis/blackbird/internal/tui/plan_generate_modal.go:183.30,185.21 2 1
github.com/jbonatakis/blackbird/internal/tui/plan_generate_modal.go:185.21,187.5 1 1
github.com/jbonatakis/blackbird/internal/tui/plan_generate_modal.go:191.2,192.8 2 1
github.com/jbonatakis/blackbird/internal/tui/plan_generate_modal.go:201.42,203.2 1 1
github.com/jbonatakis/blackbird/internal/tui/plan_generate_modal.go:206.70,207.31 1 1
github.com/jbonatakis/blackbird/internal/tui/plan_generate_modal.go:207.31,210.3 2 0
github.com/jbonatakis/blackbird/internal/tui/plan_generate_modal.go:213.2,213.79 1 1
github.com/jbonatakis/blackbird/internal/tui/plan_generate_modal.go:213.79,214.55 1 1
github.com/jbonatakis/blackbird/internal/tui/plan_generate_modal.go:214.55,217.4 1 1
github.com/jbonatakis/blackbird/internal/tui/plan_generate_modal.go:220.3,240.4 7 1
github.com/jbonatakis/blackbird/internal/tui/plan_generate_modal.go:244.2,246.15 3 1
github.com/jbonatakis/blackbird/internal/tui/plan_generate_modal.go:250.69,273.43 13 0
github.com/jbonatakis/blackbird/internal/tui/plan_generate_modal.go:273.43,275.3 1 0
github.com/jbonatakis/blackbird/internal/tui/plan_generate_modal.go:275.8,277.3 1 0
github.com/jbonatakis/blackbird/internal/tui/plan_generate_modal.go:278.2,284.43 5 0
github.com/jbonatakis/blackbird/internal/tui/plan_generate_modal.go:284.43,286.3 1 0
github.com/jbonatakis/blackbird/internal/tui/plan_generate_modal.go:286.8,288.3 1 0
github.com/jbonatakis/blackbird/internal/tui/plan_generate_modal.go:289.2,295.43 5 0
github.com/jbonatakis/blackbird/internal/tui/plan_generate_modal.go:295.43,297.3 1 0
github.com/jbonatakis/blackbird/internal/tui/plan_generate_modal.go:297.8,299.3 1 0
github.com/jbonatakis/blackbird/internal/tui/plan_generate_modal.go:300.2,306.38 5 0
github.com/jbonatakis/blackbird/internal/tui/plan_generate_modal.go:306.38,308.3 1 0
github.com/jbonatakis/blackbird/internal/tui/plan_generate_modal.go:308.8,310.3 1 0
github.com/jbonatakis/blackbird/internal/tui/plan_generate_modal.go:311.2,315.76 3 0
github.com/jbonatakis/blackbird/internal/tui/plan_generate_modal.go:315.76,318.3 2 0
github.com/jbonatakis/blackbird/internal/tui/plan_generate_modal.go:320.2,324.21 3 0
github.com/jbonatakis/blackbird/internal/tui/plan_generate_modal.go:324.21,326.3 1 0
github.com/jbonatakis/blackbird/internal/tui/plan_generate_modal.go:327.2,327.21 1 0
github.com/jbonatakis/blackbird/internal/tui/plan_generate_modal.go:327.21,329.3 1 0
github.com/jbonatakis/blackbird/internal/tui/plan_generate_modal.go:330.2,330.55 1 0
github.com/jbonatakis/blackbird/internal/tui/plan_generate_modal.go:330.55,332.3 1 0
github.com/jbonatakis/blackbird/internal/tui/plan_generate_modal.go:334.2,343.24 3 0
github.com/jbonatakis/blackbird/internal/tui/plan_generate_modal.go:343.24,345.21 2 0
github.com/jbonatakis/blackbird/internal/tui/plan_generate_modal.go:345.21,348.4 2 0
github.com/jbonatakis/blackbird/internal/tui/plan_generate_modal.go:351.2,351.14 1 0
github.com/jbonatakis/blackbird/internal/tui/plan_generate_modal.go:355.70,356.13 1 1
github.com/jbonatakis/blackbird/internal/tui/plan_generate_modal.go:357.23,360.16 2 1
github.com/jbonatakis/blackbird/internal/tui/plan_generate_modal.go:361.25,368.16 6 1
github.com/jbonatakis/blackbird/internal/tui/plan_generate_modal.go:370.2,370.15 1 0
github.com/jbonatakis/blackbird/internal/tui/plan_generate_modal.go:374.50,411.55 16 0
github.com/jbonatakis/blackbird/internal/tui/plan_generate_modal.go:411.55,413.3 1 0
github.com/jbonatakis/blackbird/internal/tui/plan_generate_modal.go:415.2,424.24 3 0
github.com/jbonatakis/blackbird/internal/tui/plan_generate_modal.go:424.24,426.21 2 0
github.com/jbonatakis/blackbird/internal/tui/plan_generate_modal.go:426.21,429.4 2 0
github.com/jbonatakis/blackbird/internal/tui/plan_generate_modal.go:432.2,432.14 1 0
github.com/jbonatakis/blackbird/internal/tui/plan_review_modal.go:35.88,53.2 7 1
github.com/jbonatakis/blackbird/internal/tui/plan_review_modal.go:56.53,62.21 4 1
github.com/jbonatakis/blackbird/internal/tui/plan_review_modal.go:62.21,64.3 1 0
github.com/jbonatakis/blackbird/internal/tui/plan_review_modal.go:65.2,65.21 1 1
github.com/jbonatakis/blackbird/internal/tui/plan_review_modal.go:65.21,67.3 1 0
github.com/jbonatakis/blackbird/internal/tui/plan_review_modal.go:68.2,68.41 1 1
github.com/jbonatakis/blackbird/internal/tui/plan_review_modal.go:72.71,75.27 2 1
github.com/jbonatakis/blackbird/internal/tui/plan_review_modal.go:76.18,77.39 1 1
github.com/jbonatakis/blackbird/internal/tui/plan_review_modal.go:77.39,78.24 1 1
github.com/jbonatakis/blackbird/internal/tui/plan_review_modal.go:79.19,80.29 1 1
github.com/jbonatakis/blackbird/internal/tui/plan_review_modal.go:80.29,82.6 1 1
github.com/jbonatakis/blackbird/internal/tui/plan_review_modal.go:83.5,83.18 1 1
github.com/jbonatakis/blackbird/internal/tui/plan_review_modal.go:84.21,85.29 1 1
github.com/jbonatakis/blackbird/internal/tui/plan_review_modal.go:85.29,87.6 1 1
github.com/jbonatakis/blackbird/internal/tui/plan_review_modal.go:88.5,88.18 1 1
github.com/jbonatakis/blackbird/internal/tui/plan_review_modal.go:89.13,91.18 2 1
github.com/jbonatakis/blackbird/internal/tui/plan_review_modal.go:92.13,94.47 1 1
github.com/jbonatakis/blackbird/internal/tui/plan_review_modal.go:94.47,96.6 1 1
github.com/jbonatakis/blackbird/internal/tui/plan_review_modal.go:97.5,97.18 1 1
github.com/jbonatakis/blackbird/internal/tui/plan_review_modal.go:98.13,100.18 2 1
github.com/jbonatakis/blackbird/internal/tui/plan_review_modal.go:101.17,103.18 1 0
github.com/jbonatakis/blackbird/internal/tui/plan_review_modal.go:105.9,105.48 1 0
github.com/jbonatakis/blackbird/internal/tui/plan_review_modal.go:105.48,106.24 1 0
github.com/jbonatakis/blackbird/internal/tui/plan_review_modal.go:107.17,111.18 2 0
github.com/jbonatakis/blackbird/internal/tui/plan_review_modal.go:112.18,114.18 1 0
github.com/jbonatakis/blackbird/internal/tui/plan_review_modal.go:115.12,118.18 2 0
github.com/jbonatakis/blackbird/internal/tui/plan_review_modal.go:123.2,123.15 1 0
github.com/jbonatakis/blackbird/internal/tui/plan_review_modal.go:127.41,129.2 1 1
github.com/jbonatakis/blackbird/internal/tui/plan_review_modal.go:132.53,134.2 1 1
github.com/jbonatakis/blackbird/internal/tui/plan_review_modal.go:137.42,139.2 1 1
github.com/jbonatakis/blackbird/internal/tui/plan_review_modal.go:144.68,145.29 1 1
github.com/jbonatakis/blackbird/internal/tui/plan_review_modal.go:145.29,148.3 2 0
github.com/jbonatakis/blackbird/internal/tui/plan_review_modal.go:151.2,151.53 1 1
github.com/jbonatakis/blackbird/internal/tui/plan_review_modal.go:151.53,152.23 1 1
github.com/jbonatakis/blackbird/internal/tui/plan_review_modal.go:153.16,155.18 2 1
github.com/jbonatakis/blackbird/internal/tui/plan_review_modal.go:156.11,158.25 1 1
github.com/jbonatakis/blackbird/internal/tui/plan_review_modal.go:159.11,160.38 1 1
github.com/jbonatakis/blackbird/internal/tui/plan_review_modal.go:160.38,169.6 4 0
github.com/jbonatakis/blackbird/internal/tui/plan_review_modal.go:171.5,175.18 5 1
github.com/jbonatakis/blackbird/internal/tui/plan_review_modal.go:176.11,184.18 4 1
github.com/jbonatakis/blackbird/internal/tui/plan_review_modal.go:186.11,190.17 3 0
github.com/jbonatakis/blackbird/internal/tui/plan_review_modal.go:195.2,195.55 1 1
github.com/jbonatakis/blackbird/internal/tui/plan_review_modal.go:195.55,196.23 1 1
github.com/jbonatakis/blackbird/internal/tui/plan_review_modal.go:197.31,200.48 2 1
github.com/jbonatakis/blackbird/internal/tui/plan_review_modal.go:200.48,203.5 1 1
github.com/jbonatakis/blackbird/internal/tui/plan_review_modal.go:206.4,221.5 8 0
github.com/jbonatakis/blackbird/internal/tui/plan_review_modal.go:222.14,228.17 5 1
github.com/jbonatakis/blackbird/internal/tui/plan_review_modal.go:229.11,233.17 3 0
github.com/jbonatakis/blackbird/internal/tui/plan_review_modal.go:237.2,237.15 1 0
github.com/jbonatakis/blackbird/internal/tui/plan_review_modal.go:241.43,242.29 1 1
github.com/jbonatakis/blackbird/internal/tui/plan_review_modal.go:242.29,245.3 2 0
github.com/jbonatakis/blackbird/internal/tui/plan_review_modal.go:248.2,264.31 7 1
github.com/jbonatakis/blackbird/internal/tui/plan_review_modal.go:268.65,290.41 9 0
github.com/jbonatakis/blackbird/internal/tui/plan_review_modal.go:290.41,303.21 9 0
github.com/jbonatakis/blackbird/internal/tui/plan_review_modal.go:303.21,305.33 2 0
github.com/jbonatakis/blackbird/internal/tui/plan_review_modal.go:305.33,306.15 1 0
github.com/jbonatakis/blackbird/internal/tui/plan_review_modal.go:306.15,308.11 2 0
github.com/jbonatakis/blackbird/internal/tui/plan_review_modal.go:310.5,311.11 2 0
github.com/jbonatakis/blackbird/internal/tui/plan_review_modal.go:311.11,313.6 1 0
github.com/jbonatakis/blackbird/internal/tui/plan_review_modal.go:315.4,315.29 1 0
github.com/jbonatakis/blackbird/internal/tui/plan_review_modal.go:319.3,324.31 4 0
github.com/jbonatakis/blackbird/internal/tui/plan_review_modal.go:324.31,326.4 1 0
github.com/jbonatakis/blackbird/internal/tui/plan_review_modal.go:326.9,328.4 1 0
github.com/jbonatakis/blackbird/internal/tui/plan_review_modal.go:331.3,332.24 2 0
github.com/jbonatakis/blackbird/internal/tui/plan_review_modal.go:332.24,334.4 1 0
github.com/jbonatakis/blackbird/internal/tui/plan_review_modal.go:334.9,334.38 1 0
github.com/jbonatakis/blackbird/internal/tui/plan_review_modal.go:334.38,336.4 1 0
github.com/jbonatakis/blackbird/internal/tui/plan_review_modal.go:336.9,338.4 1 0
github.com/jbonatakis/blackbird/internal/tui/plan_review_modal.go:341.3,342.31 2 0
github.com/jbonatakis/blackbird/internal/tui/plan_review_modal.go:342.31,344.4 1 0
github.com/jbonatakis/blackbird/internal/tui/plan_review_modal.go:344.9,346.4 1 0
github.com/jbonatakis/blackbird/internal/tui/plan_review_modal.go:348.3,350.34 3 0
github.com/jbonatakis/blackbird/internal/tui/plan_review_modal.go:354.2,354.43 1 0
github.com/jbonatakis/blackbird/internal/tui/plan_review_modal.go:354.43,365.61 8 0
github.com/jbonatakis/blackbird/internal/tui/plan_review_modal.go:365.61,369.4 3 0
github.com/jbonatakis/blackbird/internal/tui/plan_review_modal.go:371.3,372.34 2 0
github.com/jbonatakis/blackbird/internal/tui/plan_review_modal.go:376.2,377.21 2 0
github.com/jbonatakis/blackbird/internal/tui/plan_review_modal.go:377.21,379.3 1 0
github.com/jbonatakis/blackbird/internal/tui/plan_review_modal.go:380.2,380.21 1 0
github.com/jbonatakis/blackbird/internal/tui/plan_review_modal.go:380.21,382.3 1 0
github.com/jbonatakis/blackbird/internal/tui/plan_review_modal.go:383.2,383.55 1 0
github.com/jbonatakis/blackbird/internal/tui/plan_review_modal.go:383.55,385.3 1 0
github.com/jbonatakis/blackbird/internal/tui/plan_review_modal.go:387.2,396.24 3 0
github.com/jbonatakis/blackbird/internal/tui/plan_review_modal.go:396.24,398.21 2 0
github.com/jbonatakis/blackbird/internal/tui/plan_review_modal.go:398.21,401.4 2 0
github.com/jbonatakis/blackbird/internal/tui/plan_review_modal.go:404.2,404.14 1 0
github.com/jbonatakis/blackbird/internal/tui/plan_review_modal.go:408.104,409.24 1 0
github.com/jbonatakis/blackbird/internal/tui/plan_review_modal.go:409.24,412.17 2 0
github.com/jbonatakis/blackbird/internal/tui/plan_review_modal.go:412.17,414.4 1 0
github.com/jbonatakis/blackbird/internal/tui/plan_review_modal.go:417.3,433.17 4 0
github.com/jbonatakis/blackbird/internal/tui/plan_review_modal.go:433.17,435.4 1 0
github.com/jbonatakis/blackbird/internal/tui/plan_review_modal.go:438.3,438.30 1 0
github.com/jbonatakis/blackbird/internal/tui/plan_review_modal.go:438.30,443.4 1 0
github.com/jbonatakis/blackbird/internal/tui/plan_review_modal.go:446.3,447.17 2 0
github.com/jbonatakis/blackbird/internal/tui/plan_review_modal.go:447.17,449.4 1 0
github.com/jbonatakis/blackbird/internal/tui/plan_review_modal.go:451.3,454.4 1 0
github.com/jbonatakis/blackbird/internal/tui/plan_review_modal.go:459.44,460.24 1 1
github.com/jbonatakis/blackbird/internal/tui/plan_review_modal.go:460.24,462.50 2 0
github.com/jbonatakis/blackbird/internal/tui/plan_review_modal.go:462.50,468.4 1 0
github.com/jbonatakis/blackbird/internal/tui/plan_review_modal.go:469.3,473.4 1 0
github.com/jbonatakis/blackbird/internal/tui/run_loader.go:20.38,21.24 1 1
github.com/jbonatakis/blackbird/internal/tui/run_loader.go:21.24,23.17 2 1
github.com/jbonatakis/blackbird/internal/tui/run_loader.go:23.17,25.4 1 0
github.com/jbonatakis/blackbird/internal/tui/run_loader.go:27.3,28.32 2 1
github.com/jbonatakis/blackbird/internal/tui/run_loader.go:28.32,30.18 2 1
github.com/jbonatakis/blackbird/internal/tui/run_loader.go:30.18,32.5 1 0
github.com/jbonatakis/blackbird/internal/tui/run_loader.go:33.4,33.21 1 1
github.com/jbonatakis/blackbird/internal/tui/run_loader.go:33.21,35.5 1 1
github.com/jbonatakis/blackbird/internal/tui/run_loader.go:38.3,38.45 1 1
github.com/jbonatakis/blackbird/internal/tui/run_loader.go:42.34,43.66 1 0
github.com/jbonatakis/blackbird/internal/tui/run_loader.go:43.66,45.3 1 0
github.com/jbonatakis/blackbird/internal/tui/start.go:14.20,18.16 3 0
github.com/jbonatakis/blackbird/internal/tui/start.go:18.16,19.43 1 0
github.com/jbonatakis/blackbird/internal/tui/start.go:19.43,21.4 1 0
github.com/jbonatakis/blackbird/internal/tui/start.go:22.3,22.13 1 0
github.com/jbonatakis/blackbird/internal/tui/start.go:25.2,25.45 1 0
github.com/jbonatakis/blackbird/internal/tui/start.go:25.45,27.3 1 0
github.com/jbonatakis/blackbird/internal/tui/start.go:29.2,32.12 4 0
github.com/jbonatakis/blackbird/internal/tui/start.go:35.24,37.16 2 0
github.com/jbonatakis/blackbird/internal/tui/start.go:37.16,39.3 1 0
github.com/jbonatakis/blackbird/internal/tui/start.go:40.2,40.52 1 0
github.com/jbonatakis/blackbird/internal/tui/start.go:43.71,46.25 3 0
github.com/jbonatakis/blackbird/internal/tui/start.go:46.25,48.3 1 0
github.com/jbonatakis/blackbird/internal/tui/start.go:49.2,49.56 1 0
github.com/jbonatakis/blackbird/internal/tui/timer.go:14.30,15.24 1 0
github.com/jbonatakis/blackbird/internal/tui/timer.go:15.24,17.3 1 0
github.com/jbonatakis/blackbird/internal/tui/timer.go:20.24,21.24 1 0
github.com/jbonatakis/blackbird/internal/tui/timer.go:21.24,24.3 2 0
github.com/jbonatakis/blackbird/internal/tui/timer.go:27.65,28.33 1 1
github.com/jbonatakis/blackbird/internal/tui/timer.go:28.33,29.101 1 1
github.com/jbonatakis/blackbird/internal/tui/timer.go:29.101,31.4 1 1
github.com/jbonatakis/blackbird/internal/tui/timer.go:33.2,33.14 1 1
github.com/jbonatakis/blackbird/internal/tui/tree_view.go:19.41,20.32 1 1
github.com/jbonatakis/blackbird/internal/tui/tree_view.go:20.32,23.3 2 1
github.com/jbonatakis/blackbird/internal/tui/tree_view.go:25.2,26.21 2 1
github.com/jbonatakis/blackbird/internal/tui/tree_view.go:26.21,29.3 2 0
github.com/jbonatakis/blackbird/internal/tui/tree_view.go:31.2,33.27 3 1
github.com/jbonatakis/blackbird/internal/tui/tree_view.go:33.27,36.3 2 1
github.com/jbonatakis/blackbird/internal/tui/tree_view.go:38.2,38.21 1 1
github.com/jbonatakis/blackbird/internal/tui/tree_view.go:38.21,41.3 2 0
github.com/jbonatakis/blackbird/internal/tui/tree_view.go:43.2,43.34 1 1
github.com/jbonatakis/blackbird/internal/tui/tree_view.go:46.98,47.17 1 1
github.com/jbonatakis/blackbird/internal/tui/tree_view.go:47.17,49.3 1 0
github.com/jbonatakis/blackbird/internal/tui/tree_view.go:50.2,53.9 3 1
github.com/jbonatakis/blackbird/internal/tui/tree_view.go:53.9,55.3 1 0
github.com/jbonatakis/blackbird/internal/tui/tree_view.go:57.2,67.35 9 1
github.com/jbonatakis/blackbird/internal/tui/tree_view.go:67.35,69.14 2 1
github.com/jbonatakis/blackbird/internal/tui/tree_view.go:69.14,71.4 1 1
github.com/jbonatakis/blackbird/internal/tui/tree_view.go:72.3,72.17 1 1
github.com/jbonatakis/blackbird/internal/tui/tree_view.go:72.17,74.4 1 1
github.com/jbonatakis/blackbird/internal/tui/tree_view.go:77.2,78.19 2 1
github.com/jbonatakis/blackbird/internal/tui/tree_view.go:78.19,80.3 1 0
github.com/jbonatakis/blackbird/internal/tui/tree_view.go:82.2,84.16 3 1
github.com/jbonatakis/blackbird/internal/tui/tree_view.go:84.16,86.3 1 1
github.com/jbonatakis/blackbird/internal/tui/tree_view.go:87.2,87.20 1 1
github.com/jbonatakis/blackbird/internal/tui/tree_view.go:90.88,93.26 3 1
github.com/jbonatakis/blackbird/internal/tui/tree_view.go:93.26,94.31 1 1
github.com/jbonatakis/blackbird/internal/tui/tree_view.go:94.31,96.4 1 1
github.com/jbonatakis/blackbird/internal/tui/tree_view.go:96.9,98.4 1 1
github.com/jbonatakis/blackbird/internal/tui/tree_view.go:101.2,115.31 7 1
github.com/jbonatakis/blackbird/internal/tui/tree_view.go:115.31,118.3 2 1
github.com/jbonatakis/blackbird/internal/tui/tree_view.go:119.2,119.13 1 1
github.com/jbonatakis/blackbird/internal/tui/tree_view.go:122.71,124.16 2 1
github.com/jbonatakis/blackbird/internal/tui/tree_view.go:125.23,126.49 1 0
github.com/jbonatakis/blackbird/internal/tui/tree_view.go:127.29,128.50 1 0
github.com/jbonatakis/blackbird/internal/tui/tree_view.go:129.26,130.50 1 0
github.com/jbonatakis/blackbird/internal/tui/tree_view.go:131.23,132.27 1 1
github.com/jbonatakis/blackbird/internal/tui/tree_view.go:132.27,134.4 1 1
github.com/jbonatakis/blackbird/internal/tui/tree_view.go:134.9,134.36 1 0
github.com/jbonatakis/blackbird/internal/tui/tree_view.go:134.36,136.4 1 0
github.com/jbonatakis/blackbird/internal/tui/tree_view.go:138.2,138.14 1 1
github.com/jbonatakis/blackbird/internal/tui/tree_view.go:141.55,143.15 2 1
github.com/jbonatakis/blackbird/internal/tui/tree_view.go:144.15,145.49 1 1
github.com/jbonatakis/blackbird/internal/tui/tree_view.go:146.14,147.49 1 0
github.com/jbonatakis/blackbird/internal/tui/tree_view.go:148.21,149.50 1 0
github.com/jbonatakis/blackbird/internal/tui/tree_view.go:150.17,151.50 1 0
github.com/jbonatakis/blackbird/internal/tui/tree_view.go:153.2,153.14 1 1
github.com/jbonatakis/blackbird/internal/tui/tree_view.go:156.46,157.32 1 1
github.com/jbonatakis/blackbird/internal/tui/tree_view.go:157.32,159.3 1 1
github.com/jbonatakis/blackbird/internal/tui/tree_view.go:160.2,161.9 2 1
github.com/jbonatakis/blackbird/internal/tui/tree_view.go:161.9,163.3 1 1
github.com/jbonatakis/blackbird/internal/tui/tree_view.go:164.2,164.17 1 1
github.com/jbonatakis/blackbird/internal/tui/tree_view.go:167.58,168.14 1 1
github.com/jbonatakis/blackbird/internal/tui/tree_view.go:169.23,170.30 1 1
github.com/jbonatakis/blackbird/internal/tui/tree_view.go:171.25,172.32 1 1
github.com/jbonatakis/blackbird/internal/tui/tree_view.go:173.10,174.14 1 1
github.com/jbonatakis/blackbird/internal/tui/tree_view.go:178.41,180.30 2 1
github.com/jbonatakis/blackbird/internal/tui/tree_view.go:180.30,181.47 1 1
github.com/jbonatakis/blackbird/internal/tui/tree_view.go:181.47,183.12 2 1
github.com/jbonatakis/blackbird/internal/tui/tree_view.go:185.3,185.42 1 1
github.com/jbonatakis/blackbird/internal/tui/tree_view.go:185.42,187.4 1 1
github.com/jbonatakis/blackbird/internal/tui/tree_view.go:189.2,190.12 2 1
